<?xml version="1.0" encoding="UTF-8"?>
<!-- Generated by org.testng.reporters.JUnitReportReporter -->
<testsuite hostname="DESKTOP-3R0P461" failures="0" tests="17" name="ForgotModule.ForgotModuleTestCases" time="41.912" errors="0" timestamp="2023-06-26T18:01:57 IST" skipped="0">
  <testcase classname="ForgotModule.ForgotModuleTestCases" name="Scenario_0" time="0.806"/>
  <system-out/>
  <testcase classname="ForgotModule.ForgotModuleTestCases" name="Scenario_1" time="4.601"/>
  <system-out/>
  <testcase classname="ForgotModule.ForgotModuleTestCases" name="Scenario_2" time="0.294"/>
  <system-out/>
  <testcase classname="ForgotModule.ForgotModuleTestCases" name="Scenario_3" time="6.938"/>
  <system-out/>
  <testcase classname="ForgotModule.ForgotModuleTestCases" name="Scenario_4" time="3.309"/>
  <system-out/>
  <testcase classname="ForgotModule.ForgotModuleTestCases" name="Scenario_5" time="6.775"/>
  <system-out/>
  <testcase classname="ForgotModule.ForgotModuleTestCases" name="Scenario_6" time="6.541"/>
  <system-out/>
  <testcase classname="ForgotModule.ForgotModuleTestCases" name="Scenario_7" time="0.163"/>
  <system-out/>
  <testcase classname="ForgotModule.ForgotModuleTestCases" name="Scenario_8" time="3.485"/>
  <system-out/>
  <testcase classname="ForgotModule.ForgotModuleTestCases" name="Scenario_9" time="0.325"/>
  <system-out/>
  <testcase classname="ForgotModule.ForgotModuleTestCases" name="Scenario_10" time="0.480"/>
  <system-out/>
  <testcase classname="ForgotModule.ForgotModuleTestCases" name="Scenario_11" time="0.421"/>
  <system-out/>
  <testcase classname="ForgotModule.ForgotModuleTestCases" name="Scenario_12" time="0.467"/>
  <system-out/>
  <testcase classname="ForgotModule.ForgotModuleTestCases" name="Scenario_13" time="0.684"/>
  <system-out/>
  <testcase classname="ForgotModule.ForgotModuleTestCases" name="Scenario_14" time="1.371"/>
  <system-out/>
  <testcase classname="ForgotModule.ForgotModuleTestCases" name="Scenario_15" time="0.392"/>
  <system-out/>
  <testcase classname="ForgotModule.ForgotModuleTestCases" name="Scenario_16" time="4.860"/>
  <system-out/>
</testsuite> <!-- ForgotModule.ForgotModuleTestCases -->
