<?xml version="1.0" encoding="UTF-8"?>
<!-- Generated by org.testng.reporters.JUnitReportReporter -->
<testsuite hostname="DESKTOP-3R0P461" failures="0" tests="1" name="TestCases.GoogleSearchTest" time="5.268" errors="0" timestamp="2024-10-28T10:51:50 IST" skipped="0">
  <testcase classname="TestCases.GoogleSearchTest" name="testGoogleSearch" time="5.268"/>
  <system-out/>
</testsuite> <!-- TestCases.GoogleSearchTest -->
