<?xml version="1.0" encoding="UTF-8"?>
<!-- Generated by org.testng.reporters.JUnitReportReporter -->
<testsuite hostname="DESKTOP-3R0P461" failures="0" tests="1" name="TestCases.GoogleSearchTest" time="3.472" errors="0" timestamp="2024-10-28T09:30:56 IST" skipped="0">
  <testcase classname="TestCases.GoogleSearchTest" name="testGoogleSearch" time="3.472"/>
  <system-out/>
</testsuite> <!-- TestCases.GoogleSearchTest -->
