<?xml version="1.0" encoding="UTF-8"?>
<!-- Generated by org.testng.reporters.JUnitReportReporter -->
<testsuite hostname="DESKTOP-3R0P461" failures="0" tests="9" name="LoginModule.LoginModuleTestCases" time="22.491" errors="0" timestamp="2023-06-26T16:52:55 IST" skipped="0">
  <testcase classname="LoginModule.LoginModuleTestCases" name="testcase_1" time="0.116"/>
  <system-out/>
  <testcase classname="LoginModule.LoginModuleTestCases" name="testcase_2" time="4.344"/>
  <system-out/>
  <testcase classname="LoginModule.LoginModuleTestCases" name="testcase_3" time="0.127"/>
  <system-out/>
  <testcase classname="LoginModule.LoginModuleTestCases" name="testcase_4" time="3.602"/>
  <system-out/>
  <testcase classname="LoginModule.LoginModuleTestCases" name="testcase_5" time="1.755"/>
  <system-out/>
  <testcase classname="LoginModule.LoginModuleTestCases" name="testcase_6" time="7.713"/>
  <system-out/>
  <testcase classname="LoginModule.LoginModuleTestCases" name="testcase_7" time="3.499"/>
  <system-out/>
  <testcase classname="LoginModule.LoginModuleTestCases" name="testcase_8" time="1.155"/>
  <system-out/>
  <testcase classname="LoginModule.LoginModuleTestCases" name="testcase_9" time="0.180"/>
  <system-out/>
</testsuite> <!-- LoginModule.LoginModuleTestCases -->
